<?xml version="1.0" encoding="UTF-8"?>
<testsuite xmlns:xsi="http://www.w3.org/2001/XMLSchema-instance" xsi:noNamespaceSchemaLocation="https://maven.apache.org/surefire/maven-surefire-plugin/xsd/surefire-test-report.xsd" version="3.0.2" name="studio.magemonkey.fabled.dynamic.EffectComponentTest" time="1.92" tests="12" errors="0" skipped="0" failures="0">
  <properties>
    <property name="java.specification.version" value="21"/>
    <property name="sun.cpu.isalist" value="amd64"/>
    <property name="sun.jnu.encoding" value="Cp1252"/>
    <property name="java.class.path" value="c:\Users\rcal2\Visual Studio Code\Custom Plugins\fabled\target\test-classes;c:\Users\rcal2\Visual Studio Code\Custom Plugins\fabled\target\classes;C:\Users\rcal2\.m2\repository\org\mockbukkit\mockbukkit\mockbukkit-v1.21\4.15.0\mockbukkit-v1.21-4.15.0.jar;C:\Users\rcal2\.m2\repository\io\papermc\paper\paper-api\1.21.1-R0.1-SNAPSHOT\paper-api-1.21.1-R0.1-SNAPSHOT.jar;C:\Users\rcal2\.m2\repository\com\mojang\brigadier\1.2.9\brigadier-1.2.9.jar;C:\Users\rcal2\.m2\repository\com\googlecode\json-simple\json-simple\1.1.1\json-simple-1.1.1.jar;C:\Users\rcal2\.m2\repository\org\apache\logging\log4j\log4j-api\2.17.1\log4j-api-2.17.1.jar;C:\Users\rcal2\.m2\repository\org\slf4j\slf4j-api\2.0.13\slf4j-api-2.0.13.jar;C:\Users\rcal2\.m2\repository\org\jspecify\jspecify\1.0.0\jspecify-1.0.0.jar;C:\Users\rcal2\.m2\repository\net\kyori\adventure-api\4.17.0\adventure-api-4.17.0.jar;C:\Users\rcal2\.m2\repository\net\kyori\adventure-key\4.17.0\adventure-key-4.17.0.jar;C:\Users\rcal2\.m2\repository\net\kyori\examination-api\1.3.0\examination-api-1.3.0.jar;C:\Users\rcal2\.m2\repository\net\kyori\examination-string\1.3.0\examination-string-1.3.0.jar;C:\Users\rcal2\.m2\repository\net\kyori\adventure-text-minimessage\4.17.0\adventure-text-minimessage-4.17.0.jar;C:\Users\rcal2\.m2\repository\net\kyori\adventure-text-serializer-gson\4.17.0\adventure-text-serializer-gson-4.17.0.jar;C:\Users\rcal2\.m2\repository\net\kyori\adventure-text-serializer-json\4.17.0\adventure-text-serializer-json-4.17.0.jar;C:\Users\rcal2\.m2\repository\net\kyori\option\1.0.0\option-1.0.0.jar;C:\Users\rcal2\.m2\repository\com\google\auto\service\auto-service-annotations\1.1.1\auto-service-annotations-1.1.1.jar;C:\Users\rcal2\.m2\repository\net\kyori\adventure-text-serializer-legacy\4.17.0\adventure-text-serializer-legacy-4.17.0.jar;C:\Users\rcal2\.m2\repository\net\kyori\adventure-text-serializer-plain\4.17.0\adventure-text-serializer-plain-4.17.0.jar;C:\Users\rcal2\.m2\repository\net\kyori\adventure-text-logger-slf4j\4.17.0\adventure-text-logger-slf4j-4.17.0.jar;C:\Users\rcal2\.m2\repository\org\checkerframework\checker-qual\3.33.0\checker-qual-3.33.0.jar;C:\Users\rcal2\.m2\repository\org\ow2\asm\asm\9.7.1\asm-9.7.1.jar;C:\Users\rcal2\.m2\repository\org\ow2\asm\asm-commons\9.7.1\asm-commons-9.7.1.jar;C:\Users\rcal2\.m2\repository\org\ow2\asm\asm-tree\9.7.1\asm-tree-9.7.1.jar;C:\Users\rcal2\.m2\repository\net\kyori\adventure-platform-bungeecord\4.3.4\adventure-platform-bungeecord-4.3.4.jar;C:\Users\rcal2\.m2\repository\net\kyori\adventure-platform-api\4.3.4\adventure-platform-api-4.3.4.jar;C:\Users\rcal2\.m2\repository\net\kyori\adventure-text-serializer-bungeecord\4.3.4\adventure-text-serializer-bungeecord-4.3.4.jar;C:\Users\rcal2\.m2\repository\net\kyori\adventure-platform-facet\4.3.4\adventure-platform-facet-4.3.4.jar;C:\Users\rcal2\.m2\repository\net\bytebuddy\byte-buddy\1.15.10\byte-buddy-1.15.10.jar;C:\Users\rcal2\.m2\repository\org\hamcrest\hamcrest\3.0\hamcrest-3.0.jar;C:\Users\rcal2\.m2\repository\org\apache\maven\maven-resolver-provider\3.8.5\maven-resolver-provider-3.8.5.jar;C:\Users\rcal2\.m2\repository\org\apache\maven\maven-model\3.8.5\maven-model-3.8.5.jar;C:\Users\rcal2\.m2\repository\org\apache\maven\maven-model-builder\3.8.5\maven-model-builder-3.8.5.jar;C:\Users\rcal2\.m2\repository\org\codehaus\plexus\plexus-interpolation\1.26\plexus-interpolation-1.26.jar;C:\Users\rcal2\.m2\repository\org\apache\maven\maven-artifact\3.8.5\maven-artifact-3.8.5.jar;C:\Users\rcal2\.m2\repository\org\apache\maven\maven-builder-support\3.8.5\maven-builder-support-3.8.5.jar;C:\Users\rcal2\.m2\repository\org\eclipse\sisu\org.eclipse.sisu.inject\0.3.5\org.eclipse.sisu.inject-0.3.5.jar;C:\Users\rcal2\.m2\repository\org\apache\maven\maven-repository-metadata\3.8.5\maven-repository-metadata-3.8.5.jar;C:\Users\rcal2\.m2\repository\org\apache\maven\resolver\maven-resolver-api\1.6.3\maven-resolver-api-1.6.3.jar;C:\Users\rcal2\.m2\repository\org\apache\maven\resolver\maven-resolver-spi\1.6.3\maven-resolver-spi-1.6.3.jar;C:\Users\rcal2\.m2\repository\org\apache\maven\resolver\maven-resolver-util\1.6.3\maven-resolver-util-1.6.3.jar;C:\Users\rcal2\.m2\repository\org\apache\maven\resolver\maven-resolver-impl\1.6.3\maven-resolver-impl-1.6.3.jar;C:\Users\rcal2\.m2\repository\org\codehaus\plexus\plexus-utils\3.3.0\plexus-utils-3.3.0.jar;C:\Users\rcal2\.m2\repository\javax\inject\javax.inject\1\javax.inject-1.jar;C:\Users\rcal2\.m2\repository\org\apache\maven\resolver\maven-resolver-connector-basic\1.9.18\maven-resolver-connector-basic-1.9.18.jar;C:\Users\rcal2\.m2\repository\org\apache\maven\resolver\maven-resolver-transport-http\1.9.18\maven-resolver-transport-http-1.9.18.jar;C:\Users\rcal2\.m2\repository\org\apache\httpcomponents\httpclient\4.5.14\httpclient-4.5.14.jar;C:\Users\rcal2\.m2\repository\org\apache\httpcomponents\httpcore\4.4.16\httpcore-4.4.16.jar;C:\Users\rcal2\.m2\repository\commons-codec\commons-codec\1.16.0\commons-codec-1.16.0.jar;C:\Users\rcal2\.m2\repository\org\spigotmc\spigot-api\1.20.6-R0.1-SNAPSHOT\spigot-api-1.20.6-R0.1-SNAPSHOT.jar;C:\Users\rcal2\.m2\repository\com\google\guava\guava\32.1.2-jre\guava-32.1.2-jre.jar;C:\Users\rcal2\.m2\repository\com\google\guava\failureaccess\1.0.1\failureaccess-1.0.1.jar;C:\Users\rcal2\.m2\repository\com\google\guava\listenablefuture\9999.0-empty-to-avoid-conflict-with-guava\listenablefuture-9999.0-empty-to-avoid-conflict-with-guava.jar;C:\Users\rcal2\.m2\repository\com\google\errorprone\error_prone_annotations\2.18.0\error_prone_annotations-2.18.0.jar;C:\Users\rcal2\.m2\repository\com\google\j2objc\j2objc-annotations\2.8\j2objc-annotations-2.8.jar;C:\Users\rcal2\.m2\repository\com\google\code\gson\gson\2.10.1\gson-2.10.1.jar;C:\Users\rcal2\.m2\repository\org\joml\joml\1.10.5\joml-1.10.5.jar;C:\Users\rcal2\.m2\repository\net\md-5\bungeecord-chat\1.20-R0.2\bungeecord-chat-1.20-R0.2.jar;C:\Users\rcal2\.m2\repository\org\yaml\snakeyaml\2.2\snakeyaml-2.2.jar;C:\Users\rcal2\.m2\repository\com\comphenix\protocol\ProtocolLib\5.1.0\ProtocolLib-5.1.0.jar;C:\Users\rcal2\.m2\repository\net\md-5\bungeecord-api\1.21-R0.1-SNAPSHOT\bungeecord-api-1.21-R0.1-SNAPSHOT.jar;C:\Users\rcal2\.m2\repository\net\md-5\bungeecord-config\1.21-R0.1-SNAPSHOT\bungeecord-config-1.21-R0.1-SNAPSHOT.jar;C:\Users\rcal2\.m2\repository\net\md-5\bungeecord-event\1.21-R0.1-SNAPSHOT\bungeecord-event-1.21-R0.1-SNAPSHOT.jar;C:\Users\rcal2\.m2\repository\net\md-5\bungeecord-protocol\1.21-R0.1-SNAPSHOT\bungeecord-protocol-1.21-R0.1-SNAPSHOT.jar;C:\Users\rcal2\.m2\repository\io\netty\netty-codec\4.1.115.Final\netty-codec-4.1.115.Final.jar;C:\Users\rcal2\.m2\repository\net\sf\trove4j\core\3.1.0\core-3.1.0.jar;C:\Users\rcal2\.m2\repository\se\llbit\jo-nbt\1.3.0\jo-nbt-1.3.0.jar;C:\Users\rcal2\.m2\repository\io\netty\netty-transport-native-unix-common\4.1.115.Final\netty-transport-native-unix-common-4.1.115.Final.jar;C:\Users\rcal2\.m2\repository\io\netty\netty-common\4.1.115.Final\netty-common-4.1.115.Final.jar;C:\Users\rcal2\.m2\repository\io\netty\netty-buffer\4.1.115.Final\netty-buffer-4.1.115.Final.jar;C:\Users\rcal2\.m2\repository\io\netty\netty-transport\4.1.115.Final\netty-transport-4.1.115.Final.jar;C:\Users\rcal2\.m2\repository\io\netty\netty-resolver\4.1.115.Final\netty-resolver-4.1.115.Final.jar;C:\Users\rcal2\.m2\repository\com\github\MilkBowl\VaultAPI\1.7.1\VaultAPI-1.7.1.jar;C:\Users\rcal2\.m2\repository\me\clip\placeholderapi\2.11.6\placeholderapi-2.11.6.jar;C:\Users\rcal2\.m2\repository\org\bstats\bstats-bukkit\3.0.1\bstats-bukkit-3.0.1.jar;C:\Users\rcal2\.m2\repository\org\bstats\bstats-base\3.0.1\bstats-base-3.0.1.jar;C:\Users\rcal2\.m2\repository\net\kyori\adventure-platform-bukkit\4.3.2\adventure-platform-bukkit-4.3.2.jar;C:\Users\rcal2\.m2\repository\net\kyori\adventure-nbt\4.13.1\adventure-nbt-4.13.1.jar;C:\Users\rcal2\.m2\repository\net\kyori\adventure-text-serializer-gson-legacy-impl\4.13.1\adventure-text-serializer-gson-legacy-impl-4.13.1.jar;C:\Users\rcal2\.m2\repository\net\kyori\adventure-platform-viaversion\4.3.2\adventure-platform-viaversion-4.3.2.jar;C:\Users\rcal2\.m2\repository\io\lumine\Mythic-Dist\5.6.1\Mythic-Dist-5.6.1.jar;C:\Users\rcal2\.m2\repository\ru\endlesscode\mimic\mimic-bukkit-api\0.8.0\mimic-bukkit-api-0.8.0.jar;C:\Users\rcal2\.m2\repository\ru\endlesscode\mimic\mimic-api\0.8.0\mimic-api-0.8.0.jar;C:\Users\rcal2\.m2\repository\org\jetbrains\kotlin\kotlin-stdlib-jdk8\1.6.20\kotlin-stdlib-jdk8-1.6.20.jar;C:\Users\rcal2\.m2\repository\org\jetbrains\kotlin\kotlin-stdlib\1.6.20\kotlin-stdlib-1.6.20.jar;C:\Users\rcal2\.m2\repository\org\jetbrains\kotlin\kotlin-stdlib-common\1.6.20\kotlin-stdlib-common-1.6.20.jar;C:\Users\rcal2\.m2\repository\org\jetbrains\kotlin\kotlin-stdlib-jdk7\1.6.20\kotlin-stdlib-jdk7-1.6.20.jar;C:\Users\rcal2\.m2\repository\LibsDisguises\LibsDisguises\10.0.44\LibsDisguises-10.0.44.jar;C:\Users\rcal2\.m2\repository\org\mockito\mockito-core\5.12.0\mockito-core-5.12.0.jar;C:\Users\rcal2\.m2\repository\net\bytebuddy\byte-buddy-agent\1.14.15\byte-buddy-agent-1.14.15.jar;C:\Users\rcal2\.m2\repository\org\objenesis\objenesis\3.3\objenesis-3.3.jar;C:\Users\rcal2\.m2\repository\fr\neatmonster\nocheatplus\3.16.1-SNAPSHOT\nocheatplus-3.16.1-SNAPSHOT.jar;C:\Users\rcal2\.m2\repository\com\sk89q\worldguard\worldguard-bukkit\7.1.0-SNAPSHOT\worldguard-bukkit-7.1.0-SNAPSHOT.jar;C:\Users\rcal2\.m2\repository\com\sk89q\worldguard\worldguard-core\7.1.0-SNAPSHOT\worldguard-core-7.1.0-SNAPSHOT.jar;C:\Users\rcal2\.m2\repository\com\sk89q\worldguard\worldguard-libs\core\7.1.0-SNAPSHOT\core-7.1.0-SNAPSHOT.jar;C:\Users\rcal2\.m2\repository\org\flywaydb\flyway-core\3.0\flyway-core-3.0.jar;C:\Users\rcal2\.m2\repository\com\sk89q\worldedit\worldedit-bukkit\7.3.0\worldedit-bukkit-7.3.0.jar;C:\Users\rcal2\.m2\repository\io\papermc\paperlib\1.0.8\paperlib-1.0.8.jar;C:\Users\rcal2\.m2\repository\com\sk89q\worldedit\worldedit-core\7.1.0-SNAPSHOT\worldedit-core-7.1.0-SNAPSHOT.jar;C:\Users\rcal2\.m2\repository\com\sk89q\worldedit\worldedit-libs\core\7.1.0-SNAPSHOT\core-7.1.0-SNAPSHOT.jar;C:\Users\rcal2\.m2\repository\de\schlichtherle\truezip\6.8.3\truezip-6.8.3.jar;C:\Users\rcal2\.m2\repository\net\java\truevfs\truevfs-profile-default_2.13\0.12.1\truevfs-profile-default_2.13-0.12.1.jar;C:\Users\rcal2\.m2\repository\org\scala-lang\scala-library\2.13.1\scala-library-2.13.1.jar;C:\Users\rcal2\.m2\repository\net\java\truevfs\truevfs-driver-http\0.12.1\truevfs-driver-http-0.12.1.jar;C:\Users\rcal2\.m2\repository\net\java\truevfs\truevfs-kernel-spec\0.12.1\truevfs-kernel-spec-0.12.1.jar;C:\Users\rcal2\.m2\repository\net\java\truecommons\truecommons-annotations\2.5.0\truecommons-annotations-2.5.0.jar;C:\Users\rcal2\.m2\repository\com\google\code\findbugs\annotations\3.0.0\annotations-3.0.0.jar;C:\Users\rcal2\.m2\repository\net\java\truecommons\truecommons-cio\2.5.0\truecommons-cio-2.5.0.jar;C:\Users\rcal2\.m2\repository\net\java\truecommons\truecommons-io\2.5.0\truecommons-io-2.5.0.jar;C:\Users\rcal2\.m2\repository\net\java\truecommons\truecommons-services\2.5.0\truecommons-services-2.5.0.jar;C:\Users\rcal2\.m2\repository\net\java\truecommons\truecommons-logging\2.5.0\truecommons-logging-2.5.0.jar;C:\Users\rcal2\.m2\repository\org\slf4j\jcl-over-slf4j\1.7.28\jcl-over-slf4j-1.7.28.jar;C:\Users\rcal2\.m2\repository\net\java\truevfs\truevfs-driver-odf\0.12.1\truevfs-driver-odf-0.12.1.jar;C:\Users\rcal2\.m2\repository\net\java\truevfs\truevfs-comp-zipdriver\0.12.1\truevfs-comp-zipdriver-0.12.1.jar;C:\Users\rcal2\.m2\repository\net\java\truevfs\truevfs-comp-zip\0.12.1\truevfs-comp-zip-0.12.1.jar;C:\Users\rcal2\.m2\repository\org\bouncycastle\bcprov-jdk15on\1.63\bcprov-jdk15on-1.63.jar;C:\Users\rcal2\.m2\repository\net\java\truevfs\truevfs-driver-tar\0.12.1\truevfs-driver-tar-0.12.1.jar;C:\Users\rcal2\.m2\repository\net\java\truevfs\truevfs-comp-tardriver\0.12.1\truevfs-comp-tardriver-0.12.1.jar;C:\Users\rcal2\.m2\repository\org\apache\commons\commons-compress\1.19\commons-compress-1.19.jar;C:\Users\rcal2\.m2\repository\net\java\truevfs\truevfs-driver-tar-bzip2\0.12.1\truevfs-driver-tar-bzip2-0.12.1.jar;C:\Users\rcal2\.m2\repository\net\java\truevfs\truevfs-driver-tar-gzip\0.12.1\truevfs-driver-tar-gzip-0.12.1.jar;C:\Users\rcal2\.m2\repository\net\java\truevfs\truevfs-driver-tar-xz\0.12.1\truevfs-driver-tar-xz-0.12.1.jar;C:\Users\rcal2\.m2\repository\org\tukaani\xz\1.8\xz-1.8.jar;C:\Users\rcal2\.m2\repository\net\java\truevfs\truevfs-driver-zip-raes\0.12.1\truevfs-driver-zip-raes-0.12.1.jar;C:\Users\rcal2\.m2\repository\net\java\truevfs\truevfs-profile-base_2.13\0.12.1\truevfs-profile-base_2.13-0.12.1.jar;C:\Users\rcal2\.m2\repository\net\java\truevfs\truevfs-access-swing\0.12.1\truevfs-access-swing-0.12.1.jar;C:\Users\rcal2\.m2\repository\net\java\truevfs\truevfs-access\0.12.1\truevfs-access-0.12.1.jar;C:\Users\rcal2\.m2\repository\net\java\truevfs\truevfs-driver-file\0.12.1\truevfs-driver-file-0.12.1.jar;C:\Users\rcal2\.m2\repository\net\java\truevfs\truevfs-driver-jar\0.12.1\truevfs-driver-jar-0.12.1.jar;C:\Users\rcal2\.m2\repository\net\java\truevfs\truevfs-driver-zip\0.12.1\truevfs-driver-zip-0.12.1.jar;C:\Users\rcal2\.m2\repository\net\java\truevfs\truevfs-comp-ibm437\0.12.1\truevfs-comp-ibm437-0.12.1.jar;C:\Users\rcal2\.m2\repository\net\java\truevfs\truevfs-kernel-impl_2.13\0.12.1\truevfs-kernel-impl_2.13-0.12.1.jar;C:\Users\rcal2\.m2\repository\net\java\truecommons\truecommons-key-console\2.5.0\truecommons-key-console-2.5.0.jar;C:\Users\rcal2\.m2\repository\net\java\truecommons\truecommons-key-default\2.5.0\truecommons-key-default-2.5.0.jar;C:\Users\rcal2\.m2\repository\net\java\truecommons\truecommons-key-swing\2.5.0\truecommons-key-swing-2.5.0.jar;C:\Users\rcal2\.m2\repository\net\java\truecommons\truecommons-key-macosx\2.5.0\truecommons-key-macosx-2.5.0.jar;C:\Users\rcal2\.m2\repository\net\java\truecommons\truecommons-key-spec\2.5.0\truecommons-key-spec-2.5.0.jar;C:\Users\rcal2\.m2\repository\net\java\truecommons\truecommons-shed\2.5.0\truecommons-shed-2.5.0.jar;C:\Users\rcal2\.m2\repository\net\java\dev\jna\jna\4.1.0\jna-4.1.0.jar;C:\Users\rcal2\.m2\repository\org\mozilla\rhino\1.7.11\rhino-1.7.11.jar;C:\Users\rcal2\.m2\repository\com\google\code\findbugs\jsr305\1.3.9\jsr305-1.3.9.jar;C:\Users\rcal2\.m2\repository\it\unimi\dsi\fastutil\8.2.1\fastutil-8.2.1.jar;C:\Users\rcal2\.m2\repository\org\antlr\antlr4-runtime\4.7.2\antlr4-runtime-4.7.2.jar;C:\Users\rcal2\.m2\repository\studio\magemonkey\codex\1.1.0-R0.6-SNAPSHOT\codex-1.1.0-R0.6-SNAPSHOT.jar;C:\Users\rcal2\.m2\repository\studio\magemonkey\codex-core\1.1.0-R0.6-SNAPSHOT\codex-core-1.1.0-R0.6-SNAPSHOT.jar;C:\Users\rcal2\.m2\repository\studio\magemonkey\codex-api\1.1.0-R0.6-SNAPSHOT\codex-api-1.1.0-R0.6-SNAPSHOT.jar;C:\Users\rcal2\.m2\repository\studio\magemonkey\codex-nms-v1_16_5\1.1.0-R0.4-SNAPSHOT\codex-nms-v1_16_5-1.1.0-R0.4-SNAPSHOT.jar;C:\Users\rcal2\.m2\repository\studio\magemonkey\codex-nms-v1_17_1\1.1.0-R0.4-SNAPSHOT\codex-nms-v1_17_1-1.1.0-R0.4-SNAPSHOT.jar;C:\Users\rcal2\.m2\repository\studio\magemonkey\codex-nms-v1_18_2\1.1.0-R0.4-SNAPSHOT\codex-nms-v1_18_2-1.1.0-R0.4-SNAPSHOT.jar;C:\Users\rcal2\.m2\repository\studio\magemonkey\codex-nms-v1_19_4\1.1.0-R0.4-SNAPSHOT\codex-nms-v1_19_4-1.1.0-R0.4-SNAPSHOT.jar;C:\Users\rcal2\.m2\repository\studio\magemonkey\codex-nms-v1_20_2\1.1.0-R0.4-SNAPSHOT\codex-nms-v1_20_2-1.1.0-R0.4-SNAPSHOT.jar;C:\Users\rcal2\.m2\repository\studio\magemonkey\codex-nms-v1_20_4\1.1.0-R0.4-SNAPSHOT\codex-nms-v1_20_4-1.1.0-R0.4-SNAPSHOT.jar;C:\Users\rcal2\.m2\repository\studio\magemonkey\codex-nms-v1_20_6\1.1.0-R0.4-SNAPSHOT\codex-nms-v1_20_6-1.1.0-R0.4-SNAPSHOT.jar;C:\Users\rcal2\.m2\repository\studio\magemonkey\codex-nms-v1_21_1\1.1.0-R0.4-SNAPSHOT\codex-nms-v1_21_1-1.1.0-R0.4-SNAPSHOT.jar;C:\Users\rcal2\.m2\repository\studio\magemonkey\codex-nms-v1_21_2\1.1.0-R0.4-SNAPSHOT\codex-nms-v1_21_2-1.1.0-R0.4-SNAPSHOT.jar;C:\Users\rcal2\.m2\repository\studio\magemonkey\codex-nms-v1_21_4\1.1.0-R0.4-SNAPSHOT\codex-nms-v1_21_4-1.1.0-R0.4-SNAPSHOT.jar;C:\Users\rcal2\.m2\repository\studio\magemonkey\codex-bungee\1.1.0-R0.6-SNAPSHOT\codex-bungee-1.1.0-R0.6-SNAPSHOT.jar;C:\Users\rcal2\.m2\repository\com\mojang\authlib\6.0.54\authlib-6.0.54.jar;C:\Users\rcal2\.m2\repository\org\apache\commons\commons-lang3\3.14.0\commons-lang3-3.14.0.jar;C:\Users\rcal2\.m2\repository\org\junit\jupiter\junit-jupiter-engine\5.10.3\junit-jupiter-engine-5.10.3.jar;C:\Users\rcal2\.m2\repository\org\junit\platform\junit-platform-engine\1.10.3\junit-platform-engine-1.10.3.jar;C:\Users\rcal2\.m2\repository\org\opentest4j\opentest4j\1.3.0\opentest4j-1.3.0.jar;C:\Users\rcal2\.m2\repository\org\junit\platform\junit-platform-commons\1.10.3\junit-platform-commons-1.10.3.jar;C:\Users\rcal2\.m2\repository\org\junit\jupiter\junit-jupiter-api\5.10.3\junit-jupiter-api-5.10.3.jar;C:\Users\rcal2\.m2\repository\org\apiguardian\apiguardian-api\1.1.2\apiguardian-api-1.1.2.jar;C:\Users\rcal2\.m2\repository\org\junit\jupiter\junit-jupiter\5.10.3\junit-jupiter-5.10.3.jar;C:\Users\rcal2\.m2\repository\org\junit\jupiter\junit-jupiter-params\5.10.3\junit-jupiter-params-5.10.3.jar;C:\Users\rcal2\.m2\repository\org\mockito\mockito-inline\5.2.0\mockito-inline-5.2.0.jar;C:\Users\rcal2\.m2\repository\org\mockito\mockito-junit-jupiter\5.12.0\mockito-junit-jupiter-5.12.0.jar;C:\Users\rcal2\.m2\repository\commons-io\commons-io\2.16.1\commons-io-2.16.1.jar;C:\Users\rcal2\.m2\repository\org\projectlombok\lombok\1.18.34\lombok-1.18.34.jar;C:\Users\rcal2\.m2\repository\org\jetbrains\annotations\24.1.0\annotations-24.1.0.jar;"/>
    <property name="java.vm.vendor" value="Eclipse Adoptium"/>
    <property name="sun.arch.data.model" value="64"/>
    <property name="user.variant" value=""/>
    <property name="java.vendor.url" value="https://adoptium.net/"/>
    <property name="user.timezone" value="America/New_York"/>
    <property name="os.name" value="Windows 11"/>
    <property name="java.vm.specification.version" value="21"/>
    <property name="sun.java.launcher" value="SUN_STANDARD"/>
    <property name="user.country" value="US"/>
    <property name="sun.boot.library.path" value="C:\Program Files\Eclipse Adoptium\jdk-21.0.3.9-hotspot\bin"/>
    <property name="sun.java.command" value="C:\Users\rcal2\AppData\Local\Temp\surefire361514945752907411\surefirebooter-20250127143520122_3.jar C:\Users\rcal2\AppData\Local\Temp\surefire361514945752907411 2025-01-27T14-35-20_006-jvmRun1 surefire-20250127143520122_1tmp surefire_0-20250127143520122_2tmp"/>
    <property name="jdk.debug" value="release"/>
    <property name="surefire.test.class.path" value="c:\Users\rcal2\Visual Studio Code\Custom Plugins\fabled\target\test-classes;c:\Users\rcal2\Visual Studio Code\Custom Plugins\fabled\target\classes;C:\Users\rcal2\.m2\repository\org\mockbukkit\mockbukkit\mockbukkit-v1.21\4.15.0\mockbukkit-v1.21-4.15.0.jar;C:\Users\rcal2\.m2\repository\io\papermc\paper\paper-api\1.21.1-R0.1-SNAPSHOT\paper-api-1.21.1-R0.1-SNAPSHOT.jar;C:\Users\rcal2\.m2\repository\com\mojang\brigadier\1.2.9\brigadier-1.2.9.jar;C:\Users\rcal2\.m2\repository\com\googlecode\json-simple\json-simple\1.1.1\json-simple-1.1.1.jar;C:\Users\rcal2\.m2\repository\org\apache\logging\log4j\log4j-api\2.17.1\log4j-api-2.17.1.jar;C:\Users\rcal2\.m2\repository\org\slf4j\slf4j-api\2.0.13\slf4j-api-2.0.13.jar;C:\Users\rcal2\.m2\repository\org\jspecify\jspecify\1.0.0\jspecify-1.0.0.jar;C:\Users\rcal2\.m2\repository\net\kyori\adventure-api\4.17.0\adventure-api-4.17.0.jar;C:\Users\rcal2\.m2\repository\net\kyori\adventure-key\4.17.0\adventure-key-4.17.0.jar;C:\Users\rcal2\.m2\repository\net\kyori\examination-api\1.3.0\examination-api-1.3.0.jar;C:\Users\rcal2\.m2\repository\net\kyori\examination-string\1.3.0\examination-string-1.3.0.jar;C:\Users\rcal2\.m2\repository\net\kyori\adventure-text-minimessage\4.17.0\adventure-text-minimessage-4.17.0.jar;C:\Users\rcal2\.m2\repository\net\kyori\adventure-text-serializer-gson\4.17.0\adventure-text-serializer-gson-4.17.0.jar;C:\Users\rcal2\.m2\repository\net\kyori\adventure-text-serializer-json\4.17.0\adventure-text-serializer-json-4.17.0.jar;C:\Users\rcal2\.m2\repository\net\kyori\option\1.0.0\option-1.0.0.jar;C:\Users\rcal2\.m2\repository\com\google\auto\service\auto-service-annotations\1.1.1\auto-service-annotations-1.1.1.jar;C:\Users\rcal2\.m2\repository\net\kyori\adventure-text-serializer-legacy\4.17.0\adventure-text-serializer-legacy-4.17.0.jar;C:\Users\rcal2\.m2\repository\net\kyori\adventure-text-serializer-plain\4.17.0\adventure-text-serializer-plain-4.17.0.jar;C:\Users\rcal2\.m2\repository\net\kyori\adventure-text-logger-slf4j\4.17.0\adventure-text-logger-slf4j-4.17.0.jar;C:\Users\rcal2\.m2\repository\org\checkerframework\checker-qual\3.33.0\checker-qual-3.33.0.jar;C:\Users\rcal2\.m2\repository\org\ow2\asm\asm\9.7.1\asm-9.7.1.jar;C:\Users\rcal2\.m2\repository\org\ow2\asm\asm-commons\9.7.1\asm-commons-9.7.1.jar;C:\Users\rcal2\.m2\repository\org\ow2\asm\asm-tree\9.7.1\asm-tree-9.7.1.jar;C:\Users\rcal2\.m2\repository\net\kyori\adventure-platform-bungeecord\4.3.4\adventure-platform-bungeecord-4.3.4.jar;C:\Users\rcal2\.m2\repository\net\kyori\adventure-platform-api\4.3.4\adventure-platform-api-4.3.4.jar;C:\Users\rcal2\.m2\repository\net\kyori\adventure-text-serializer-bungeecord\4.3.4\adventure-text-serializer-bungeecord-4.3.4.jar;C:\Users\rcal2\.m2\repository\net\kyori\adventure-platform-facet\4.3.4\adventure-platform-facet-4.3.4.jar;C:\Users\rcal2\.m2\repository\net\bytebuddy\byte-buddy\1.15.10\byte-buddy-1.15.10.jar;C:\Users\rcal2\.m2\repository\org\hamcrest\hamcrest\3.0\hamcrest-3.0.jar;C:\Users\rcal2\.m2\repository\org\apache\maven\maven-resolver-provider\3.8.5\maven-resolver-provider-3.8.5.jar;C:\Users\rcal2\.m2\repository\org\apache\maven\maven-model\3.8.5\maven-model-3.8.5.jar;C:\Users\rcal2\.m2\repository\org\apache\maven\maven-model-builder\3.8.5\maven-model-builder-3.8.5.jar;C:\Users\rcal2\.m2\repository\org\codehaus\plexus\plexus-interpolation\1.26\plexus-interpolation-1.26.jar;C:\Users\rcal2\.m2\repository\org\apache\maven\maven-artifact\3.8.5\maven-artifact-3.8.5.jar;C:\Users\rcal2\.m2\repository\org\apache\maven\maven-builder-support\3.8.5\maven-builder-support-3.8.5.jar;C:\Users\rcal2\.m2\repository\org\eclipse\sisu\org.eclipse.sisu.inject\0.3.5\org.eclipse.sisu.inject-0.3.5.jar;C:\Users\rcal2\.m2\repository\org\apache\maven\maven-repository-metadata\3.8.5\maven-repository-metadata-3.8.5.jar;C:\Users\rcal2\.m2\repository\org\apache\maven\resolver\maven-resolver-api\1.6.3\maven-resolver-api-1.6.3.jar;C:\Users\rcal2\.m2\repository\org\apache\maven\resolver\maven-resolver-spi\1.6.3\maven-resolver-spi-1.6.3.jar;C:\Users\rcal2\.m2\repository\org\apache\maven\resolver\maven-resolver-util\1.6.3\maven-resolver-util-1.6.3.jar;C:\Users\rcal2\.m2\repository\org\apache\maven\resolver\maven-resolver-impl\1.6.3\maven-resolver-impl-1.6.3.jar;C:\Users\rcal2\.m2\repository\org\codehaus\plexus\plexus-utils\3.3.0\plexus-utils-3.3.0.jar;C:\Users\rcal2\.m2\repository\javax\inject\javax.inject\1\javax.inject-1.jar;C:\Users\rcal2\.m2\repository\org\apache\maven\resolver\maven-resolver-connector-basic\1.9.18\maven-resolver-connector-basic-1.9.18.jar;C:\Users\rcal2\.m2\repository\org\apache\maven\resolver\maven-resolver-transport-http\1.9.18\maven-resolver-transport-http-1.9.18.jar;C:\Users\rcal2\.m2\repository\org\apache\httpcomponents\httpclient\4.5.14\httpclient-4.5.14.jar;C:\Users\rcal2\.m2\repository\org\apache\httpcomponents\httpcore\4.4.16\httpcore-4.4.16.jar;C:\Users\rcal2\.m2\repository\commons-codec\commons-codec\1.16.0\commons-codec-1.16.0.jar;C:\Users\rcal2\.m2\repository\org\spigotmc\spigot-api\1.20.6-R0.1-SNAPSHOT\spigot-api-1.20.6-R0.1-SNAPSHOT.jar;C:\Users\rcal2\.m2\repository\com\google\guava\guava\32.1.2-jre\guava-32.1.2-jre.jar;C:\Users\rcal2\.m2\repository\com\google\guava\failureaccess\1.0.1\failureaccess-1.0.1.jar;C:\Users\rcal2\.m2\repository\com\google\guava\listenablefuture\9999.0-empty-to-avoid-conflict-with-guava\listenablefuture-9999.0-empty-to-avoid-conflict-with-guava.jar;C:\Users\rcal2\.m2\repository\com\google\errorprone\error_prone_annotations\2.18.0\error_prone_annotations-2.18.0.jar;C:\Users\rcal2\.m2\repository\com\google\j2objc\j2objc-annotations\2.8\j2objc-annotations-2.8.jar;C:\Users\rcal2\.m2\repository\com\google\code\gson\gson\2.10.1\gson-2.10.1.jar;C:\Users\rcal2\.m2\repository\org\joml\joml\1.10.5\joml-1.10.5.jar;C:\Users\rcal2\.m2\repository\net\md-5\bungeecord-chat\1.20-R0.2\bungeecord-chat-1.20-R0.2.jar;C:\Users\rcal2\.m2\repository\org\yaml\snakeyaml\2.2\snakeyaml-2.2.jar;C:\Users\rcal2\.m2\repository\com\comphenix\protocol\ProtocolLib\5.1.0\ProtocolLib-5.1.0.jar;C:\Users\rcal2\.m2\repository\net\md-5\bungeecord-api\1.21-R0.1-SNAPSHOT\bungeecord-api-1.21-R0.1-SNAPSHOT.jar;C:\Users\rcal2\.m2\repository\net\md-5\bungeecord-config\1.21-R0.1-SNAPSHOT\bungeecord-config-1.21-R0.1-SNAPSHOT.jar;C:\Users\rcal2\.m2\repository\net\md-5\bungeecord-event\1.21-R0.1-SNAPSHOT\bungeecord-event-1.21-R0.1-SNAPSHOT.jar;C:\Users\rcal2\.m2\repository\net\md-5\bungeecord-protocol\1.21-R0.1-SNAPSHOT\bungeecord-protocol-1.21-R0.1-SNAPSHOT.jar;C:\Users\rcal2\.m2\repository\io\netty\netty-codec\4.1.115.Final\netty-codec-4.1.115.Final.jar;C:\Users\rcal2\.m2\repository\net\sf\trove4j\core\3.1.0\core-3.1.0.jar;C:\Users\rcal2\.m2\repository\se\llbit\jo-nbt\1.3.0\jo-nbt-1.3.0.jar;C:\Users\rcal2\.m2\repository\io\netty\netty-transport-native-unix-common\4.1.115.Final\netty-transport-native-unix-common-4.1.115.Final.jar;C:\Users\rcal2\.m2\repository\io\netty\netty-common\4.1.115.Final\netty-common-4.1.115.Final.jar;C:\Users\rcal2\.m2\repository\io\netty\netty-buffer\4.1.115.Final\netty-buffer-4.1.115.Final.jar;C:\Users\rcal2\.m2\repository\io\netty\netty-transport\4.1.115.Final\netty-transport-4.1.115.Final.jar;C:\Users\rcal2\.m2\repository\io\netty\netty-resolver\4.1.115.Final\netty-resolver-4.1.115.Final.jar;C:\Users\rcal2\.m2\repository\com\github\MilkBowl\VaultAPI\1.7.1\VaultAPI-1.7.1.jar;C:\Users\rcal2\.m2\repository\me\clip\placeholderapi\2.11.6\placeholderapi-2.11.6.jar;C:\Users\rcal2\.m2\repository\org\bstats\bstats-bukkit\3.0.1\bstats-bukkit-3.0.1.jar;C:\Users\rcal2\.m2\repository\org\bstats\bstats-base\3.0.1\bstats-base-3.0.1.jar;C:\Users\rcal2\.m2\repository\net\kyori\adventure-platform-bukkit\4.3.2\adventure-platform-bukkit-4.3.2.jar;C:\Users\rcal2\.m2\repository\net\kyori\adventure-nbt\4.13.1\adventure-nbt-4.13.1.jar;C:\Users\rcal2\.m2\repository\net\kyori\adventure-text-serializer-gson-legacy-impl\4.13.1\adventure-text-serializer-gson-legacy-impl-4.13.1.jar;C:\Users\rcal2\.m2\repository\net\kyori\adventure-platform-viaversion\4.3.2\adventure-platform-viaversion-4.3.2.jar;C:\Users\rcal2\.m2\repository\io\lumine\Mythic-Dist\5.6.1\Mythic-Dist-5.6.1.jar;C:\Users\rcal2\.m2\repository\ru\endlesscode\mimic\mimic-bukkit-api\0.8.0\mimic-bukkit-api-0.8.0.jar;C:\Users\rcal2\.m2\repository\ru\endlesscode\mimic\mimic-api\0.8.0\mimic-api-0.8.0.jar;C:\Users\rcal2\.m2\repository\org\jetbrains\kotlin\kotlin-stdlib-jdk8\1.6.20\kotlin-stdlib-jdk8-1.6.20.jar;C:\Users\rcal2\.m2\repository\org\jetbrains\kotlin\kotlin-stdlib\1.6.20\kotlin-stdlib-1.6.20.jar;C:\Users\rcal2\.m2\repository\org\jetbrains\kotlin\kotlin-stdlib-common\1.6.20\kotlin-stdlib-common-1.6.20.jar;C:\Users\rcal2\.m2\repository\org\jetbrains\kotlin\kotlin-stdlib-jdk7\1.6.20\kotlin-stdlib-jdk7-1.6.20.jar;C:\Users\rcal2\.m2\repository\LibsDisguises\LibsDisguises\10.0.44\LibsDisguises-10.0.44.jar;C:\Users\rcal2\.m2\repository\org\mockito\mockito-core\5.12.0\mockito-core-5.12.0.jar;C:\Users\rcal2\.m2\repository\net\bytebuddy\byte-buddy-agent\1.14.15\byte-buddy-agent-1.14.15.jar;C:\Users\rcal2\.m2\repository\org\objenesis\objenesis\3.3\objenesis-3.3.jar;C:\Users\rcal2\.m2\repository\fr\neatmonster\nocheatplus\3.16.1-SNAPSHOT\nocheatplus-3.16.1-SNAPSHOT.jar;C:\Users\rcal2\.m2\repository\com\sk89q\worldguard\worldguard-bukkit\7.1.0-SNAPSHOT\worldguard-bukkit-7.1.0-SNAPSHOT.jar;C:\Users\rcal2\.m2\repository\com\sk89q\worldguard\worldguard-core\7.1.0-SNAPSHOT\worldguard-core-7.1.0-SNAPSHOT.jar;C:\Users\rcal2\.m2\repository\com\sk89q\worldguard\worldguard-libs\core\7.1.0-SNAPSHOT\core-7.1.0-SNAPSHOT.jar;C:\Users\rcal2\.m2\repository\org\flywaydb\flyway-core\3.0\flyway-core-3.0.jar;C:\Users\rcal2\.m2\repository\com\sk89q\worldedit\worldedit-bukkit\7.3.0\worldedit-bukkit-7.3.0.jar;C:\Users\rcal2\.m2\repository\io\papermc\paperlib\1.0.8\paperlib-1.0.8.jar;C:\Users\rcal2\.m2\repository\com\sk89q\worldedit\worldedit-core\7.1.0-SNAPSHOT\worldedit-core-7.1.0-SNAPSHOT.jar;C:\Users\rcal2\.m2\repository\com\sk89q\worldedit\worldedit-libs\core\7.1.0-SNAPSHOT\core-7.1.0-SNAPSHOT.jar;C:\Users\rcal2\.m2\repository\de\schlichtherle\truezip\6.8.3\truezip-6.8.3.jar;C:\Users\rcal2\.m2\repository\net\java\truevfs\truevfs-profile-default_2.13\0.12.1\truevfs-profile-default_2.13-0.12.1.jar;C:\Users\rcal2\.m2\repository\org\scala-lang\scala-library\2.13.1\scala-library-2.13.1.jar;C:\Users\rcal2\.m2\repository\net\java\truevfs\truevfs-driver-http\0.12.1\truevfs-driver-http-0.12.1.jar;C:\Users\rcal2\.m2\repository\net\java\truevfs\truevfs-kernel-spec\0.12.1\truevfs-kernel-spec-0.12.1.jar;C:\Users\rcal2\.m2\repository\net\java\truecommons\truecommons-annotations\2.5.0\truecommons-annotations-2.5.0.jar;C:\Users\rcal2\.m2\repository\com\google\code\findbugs\annotations\3.0.0\annotations-3.0.0.jar;C:\Users\rcal2\.m2\repository\net\java\truecommons\truecommons-cio\2.5.0\truecommons-cio-2.5.0.jar;C:\Users\rcal2\.m2\repository\net\java\truecommons\truecommons-io\2.5.0\truecommons-io-2.5.0.jar;C:\Users\rcal2\.m2\repository\net\java\truecommons\truecommons-services\2.5.0\truecommons-services-2.5.0.jar;C:\Users\rcal2\.m2\repository\net\java\truecommons\truecommons-logging\2.5.0\truecommons-logging-2.5.0.jar;C:\Users\rcal2\.m2\repository\org\slf4j\jcl-over-slf4j\1.7.28\jcl-over-slf4j-1.7.28.jar;C:\Users\rcal2\.m2\repository\net\java\truevfs\truevfs-driver-odf\0.12.1\truevfs-driver-odf-0.12.1.jar;C:\Users\rcal2\.m2\repository\net\java\truevfs\truevfs-comp-zipdriver\0.12.1\truevfs-comp-zipdriver-0.12.1.jar;C:\Users\rcal2\.m2\repository\net\java\truevfs\truevfs-comp-zip\0.12.1\truevfs-comp-zip-0.12.1.jar;C:\Users\rcal2\.m2\repository\org\bouncycastle\bcprov-jdk15on\1.63\bcprov-jdk15on-1.63.jar;C:\Users\rcal2\.m2\repository\net\java\truevfs\truevfs-driver-tar\0.12.1\truevfs-driver-tar-0.12.1.jar;C:\Users\rcal2\.m2\repository\net\java\truevfs\truevfs-comp-tardriver\0.12.1\truevfs-comp-tardriver-0.12.1.jar;C:\Users\rcal2\.m2\repository\org\apache\commons\commons-compress\1.19\commons-compress-1.19.jar;C:\Users\rcal2\.m2\repository\net\java\truevfs\truevfs-driver-tar-bzip2\0.12.1\truevfs-driver-tar-bzip2-0.12.1.jar;C:\Users\rcal2\.m2\repository\net\java\truevfs\truevfs-driver-tar-gzip\0.12.1\truevfs-driver-tar-gzip-0.12.1.jar;C:\Users\rcal2\.m2\repository\net\java\truevfs\truevfs-driver-tar-xz\0.12.1\truevfs-driver-tar-xz-0.12.1.jar;C:\Users\rcal2\.m2\repository\org\tukaani\xz\1.8\xz-1.8.jar;C:\Users\rcal2\.m2\repository\net\java\truevfs\truevfs-driver-zip-raes\0.12.1\truevfs-driver-zip-raes-0.12.1.jar;C:\Users\rcal2\.m2\repository\net\java\truevfs\truevfs-profile-base_2.13\0.12.1\truevfs-profile-base_2.13-0.12.1.jar;C:\Users\rcal2\.m2\repository\net\java\truevfs\truevfs-access-swing\0.12.1\truevfs-access-swing-0.12.1.jar;C:\Users\rcal2\.m2\repository\net\java\truevfs\truevfs-access\0.12.1\truevfs-access-0.12.1.jar;C:\Users\rcal2\.m2\repository\net\java\truevfs\truevfs-driver-file\0.12.1\truevfs-driver-file-0.12.1.jar;C:\Users\rcal2\.m2\repository\net\java\truevfs\truevfs-driver-jar\0.12.1\truevfs-driver-jar-0.12.1.jar;C:\Users\rcal2\.m2\repository\net\java\truevfs\truevfs-driver-zip\0.12.1\truevfs-driver-zip-0.12.1.jar;C:\Users\rcal2\.m2\repository\net\java\truevfs\truevfs-comp-ibm437\0.12.1\truevfs-comp-ibm437-0.12.1.jar;C:\Users\rcal2\.m2\repository\net\java\truevfs\truevfs-kernel-impl_2.13\0.12.1\truevfs-kernel-impl_2.13-0.12.1.jar;C:\Users\rcal2\.m2\repository\net\java\truecommons\truecommons-key-console\2.5.0\truecommons-key-console-2.5.0.jar;C:\Users\rcal2\.m2\repository\net\java\truecommons\truecommons-key-default\2.5.0\truecommons-key-default-2.5.0.jar;C:\Users\rcal2\.m2\repository\net\java\truecommons\truecommons-key-swing\2.5.0\truecommons-key-swing-2.5.0.jar;C:\Users\rcal2\.m2\repository\net\java\truecommons\truecommons-key-macosx\2.5.0\truecommons-key-macosx-2.5.0.jar;C:\Users\rcal2\.m2\repository\net\java\truecommons\truecommons-key-spec\2.5.0\truecommons-key-spec-2.5.0.jar;C:\Users\rcal2\.m2\repository\net\java\truecommons\truecommons-shed\2.5.0\truecommons-shed-2.5.0.jar;C:\Users\rcal2\.m2\repository\net\java\dev\jna\jna\4.1.0\jna-4.1.0.jar;C:\Users\rcal2\.m2\repository\org\mozilla\rhino\1.7.11\rhino-1.7.11.jar;C:\Users\rcal2\.m2\repository\com\google\code\findbugs\jsr305\1.3.9\jsr305-1.3.9.jar;C:\Users\rcal2\.m2\repository\it\unimi\dsi\fastutil\8.2.1\fastutil-8.2.1.jar;C:\Users\rcal2\.m2\repository\org\antlr\antlr4-runtime\4.7.2\antlr4-runtime-4.7.2.jar;C:\Users\rcal2\.m2\repository\studio\magemonkey\codex\1.1.0-R0.6-SNAPSHOT\codex-1.1.0-R0.6-SNAPSHOT.jar;C:\Users\rcal2\.m2\repository\studio\magemonkey\codex-core\1.1.0-R0.6-SNAPSHOT\codex-core-1.1.0-R0.6-SNAPSHOT.jar;C:\Users\rcal2\.m2\repository\studio\magemonkey\codex-api\1.1.0-R0.6-SNAPSHOT\codex-api-1.1.0-R0.6-SNAPSHOT.jar;C:\Users\rcal2\.m2\repository\studio\magemonkey\codex-nms-v1_16_5\1.1.0-R0.4-SNAPSHOT\codex-nms-v1_16_5-1.1.0-R0.4-SNAPSHOT.jar;C:\Users\rcal2\.m2\repository\studio\magemonkey\codex-nms-v1_17_1\1.1.0-R0.4-SNAPSHOT\codex-nms-v1_17_1-1.1.0-R0.4-SNAPSHOT.jar;C:\Users\rcal2\.m2\repository\studio\magemonkey\codex-nms-v1_18_2\1.1.0-R0.4-SNAPSHOT\codex-nms-v1_18_2-1.1.0-R0.4-SNAPSHOT.jar;C:\Users\rcal2\.m2\repository\studio\magemonkey\codex-nms-v1_19_4\1.1.0-R0.4-SNAPSHOT\codex-nms-v1_19_4-1.1.0-R0.4-SNAPSHOT.jar;C:\Users\rcal2\.m2\repository\studio\magemonkey\codex-nms-v1_20_2\1.1.0-R0.4-SNAPSHOT\codex-nms-v1_20_2-1.1.0-R0.4-SNAPSHOT.jar;C:\Users\rcal2\.m2\repository\studio\magemonkey\codex-nms-v1_20_4\1.1.0-R0.4-SNAPSHOT\codex-nms-v1_20_4-1.1.0-R0.4-SNAPSHOT.jar;C:\Users\rcal2\.m2\repository\studio\magemonkey\codex-nms-v1_20_6\1.1.0-R0.4-SNAPSHOT\codex-nms-v1_20_6-1.1.0-R0.4-SNAPSHOT.jar;C:\Users\rcal2\.m2\repository\studio\magemonkey\codex-nms-v1_21_1\1.1.0-R0.4-SNAPSHOT\codex-nms-v1_21_1-1.1.0-R0.4-SNAPSHOT.jar;C:\Users\rcal2\.m2\repository\studio\magemonkey\codex-nms-v1_21_2\1.1.0-R0.4-SNAPSHOT\codex-nms-v1_21_2-1.1.0-R0.4-SNAPSHOT.jar;C:\Users\rcal2\.m2\repository\studio\magemonkey\codex-nms-v1_21_4\1.1.0-R0.4-SNAPSHOT\codex-nms-v1_21_4-1.1.0-R0.4-SNAPSHOT.jar;C:\Users\rcal2\.m2\repository\studio\magemonkey\codex-bungee\1.1.0-R0.6-SNAPSHOT\codex-bungee-1.1.0-R0.6-SNAPSHOT.jar;C:\Users\rcal2\.m2\repository\com\mojang\authlib\6.0.54\authlib-6.0.54.jar;C:\Users\rcal2\.m2\repository\org\apache\commons\commons-lang3\3.14.0\commons-lang3-3.14.0.jar;C:\Users\rcal2\.m2\repository\org\junit\jupiter\junit-jupiter-engine\5.10.3\junit-jupiter-engine-5.10.3.jar;C:\Users\rcal2\.m2\repository\org\junit\platform\junit-platform-engine\1.10.3\junit-platform-engine-1.10.3.jar;C:\Users\rcal2\.m2\repository\org\opentest4j\opentest4j\1.3.0\opentest4j-1.3.0.jar;C:\Users\rcal2\.m2\repository\org\junit\platform\junit-platform-commons\1.10.3\junit-platform-commons-1.10.3.jar;C:\Users\rcal2\.m2\repository\org\junit\jupiter\junit-jupiter-api\5.10.3\junit-jupiter-api-5.10.3.jar;C:\Users\rcal2\.m2\repository\org\apiguardian\apiguardian-api\1.1.2\apiguardian-api-1.1.2.jar;C:\Users\rcal2\.m2\repository\org\junit\jupiter\junit-jupiter\5.10.3\junit-jupiter-5.10.3.jar;C:\Users\rcal2\.m2\repository\org\junit\jupiter\junit-jupiter-params\5.10.3\junit-jupiter-params-5.10.3.jar;C:\Users\rcal2\.m2\repository\org\mockito\mockito-inline\5.2.0\mockito-inline-5.2.0.jar;C:\Users\rcal2\.m2\repository\org\mockito\mockito-junit-jupiter\5.12.0\mockito-junit-jupiter-5.12.0.jar;C:\Users\rcal2\.m2\repository\commons-io\commons-io\2.16.1\commons-io-2.16.1.jar;C:\Users\rcal2\.m2\repository\org\projectlombok\lombok\1.18.34\lombok-1.18.34.jar;C:\Users\rcal2\.m2\repository\org\jetbrains\annotations\24.1.0\annotations-24.1.0.jar;"/>
    <property name="sun.cpu.endian" value="little"/>
    <property name="user.home" value="C:\Users\rcal2"/>
    <property name="user.language" value="en"/>
    <property name="java.specification.vendor" value="Oracle Corporation"/>
    <property name="java.version.date" value="2024-04-16"/>
    <property name="java.home" value="C:\Program Files\Eclipse Adoptium\jdk-21.0.3.9-hotspot"/>
    <property name="file.separator" value="\"/>
    <property name="basedir" value="c:\Users\rcal2\Visual Studio Code\Custom Plugins\fabled"/>
    <property name="java.vm.compressedOopsMode" value="Zero based"/>
    <property name="line.separator" value="&#10;"/>
    <property name="java.vm.specification.vendor" value="Oracle Corporation"/>
    <property name="java.specification.name" value="Java Platform API Specification"/>
    <property name="surefire.real.class.path" value="C:\Users\rcal2\AppData\Local\Temp\surefire361514945752907411\surefirebooter-20250127143520122_3.jar"/>
    <property name="user.script" value=""/>
    <property name="sun.management.compiler" value="HotSpot 64-Bit Tiered Compilers"/>
    <property name="java.runtime.version" value="21.0.3+9-LTS"/>
    <property name="user.name" value="rcal2"/>
    <property name="stdout.encoding" value="Cp1252"/>
    <property name="path.separator" value=";"/>
    <property name="os.version" value="10.0"/>
    <property name="java.runtime.name" value="OpenJDK Runtime Environment"/>
    <property name="file.encoding" value="UTF-8"/>
    <property name="java.vm.name" value="OpenJDK 64-Bit Server VM"/>
    <property name="java.vendor.version" value="Temurin-21.0.3+9"/>
    <property name="localRepository" value="C:\Users\rcal2\.m2\repository"/>
    <property name="java.vendor.url.bug" value="https://github.com/adoptium/adoptium-support/issues"/>
    <property name="java.io.tmpdir" value="C:\Users\rcal2\AppData\Local\Temp\"/>
    <property name="java.version" value="21.0.3"/>
    <property name="user.dir" value="c:\Users\rcal2\Visual Studio Code\Custom Plugins\fabled"/>
    <property name="os.arch" value="amd64"/>
    <property name="java.vm.specification.name" value="Java Virtual Machine Specification"/>
    <property name="sun.os.patch.level" value=""/>
    <property name="native.encoding" value="Cp1252"/>
    <property name="java.library.path" value="C:\Program Files\Eclipse Adoptium\jdk-21.0.3.9-hotspot\bin;C:\WINDOWS\Sun\Java\bin;C:\WINDOWS\system32;C:\WINDOWS;C:\Python312\Scripts\;C:\Python312\;C:\Program Files\Eclipse Adoptium\jdk-21.0.3.9-hotspot\bin;C:\Program Files (x86)\Common Files\Oracle\Java\javapath;C:\WINDOWS\system32;C:\WINDOWS;C:\WINDOWS\System32\Wbem;C:\WINDOWS\System32\WindowsPowerShell\v1.0\;C:\WINDOWS\System32\OpenSSH\;C:\Program Files\NVIDIA Corporation\NVIDIA NvDLISR;C:\Program Files (x86)\NVIDIA Corporation\PhysX\Common;C:\Program Files\dotnet\;C:\Program Files\Git\cmd;C:\Program Files\WorldPainter;C:\Program Files\Maven\apache-maven-3.9.9\bin;C:\Program Files\nodejs\;C:\ProgramData\chocolatey\bin;C:\Users\rcal2\AppData\Local\Microsoft\WindowsApps;C:\Users\rcal2\AppData\Local\Programs\Microsoft VS Code\bin;C:\Users\rcal2\.dotnet\tools;C:\Program Files\JetBrains\IntelliJ IDEA Community Edition 2024.2.2\bin;;C:\Users\rcal2\AppData\Local\Microsoft\WinGet\Packages\Schniz.fnm_Microsoft.Winget.Source_8wekyb3d8bbwe;C:\Users\rcal2\AppData\Roaming\npm;."/>
    <property name="java.vm.info" value="mixed mode, sharing"/>
    <property name="stderr.encoding" value="Cp1252"/>
    <property name="java.vendor" value="Eclipse Adoptium"/>
    <property name="java.vm.version" value="21.0.3+9-LTS"/>
    <property name="sun.io.unicode.encoding" value="UnicodeLittle"/>
    <property name="FABLED_VERSION" value="1.0.4-R0.19-SNAPSHOT"/>
    <property name="CODEX_VERSION" value="1.1.0-R0.6-SNAPSHOT"/>
    <property name="java.class.version" value="65.0"/>
  </properties>
  <testcase name="filter_quadrupleNestedPlaceholders_someMissing" classname="studio.magemonkey.fabled.dynamic.EffectComponentTest" time="0.147">
    <system-err><![CDATA[[14:35:30 INFO]: Using NMS implementation for version test
[14:35:30 INFO]: Mapped all language data for CodexCore.
[14:35:30 INFO]: [ItemManager] Successfully registered provider for VANILLA items
[14:35:30 INFO]: [ItemManager] Successfully registered provider for ORAXEN items
[14:35:30 INFO]: [ItemManager] Successfully registered provider for NEXO items
[14:35:30 INFO]: [ItemManager] Successfully registered provider for ITEMSADDER items
[14:35:30 INFO]: Found 0 external module(s).
[14:35:30 INFO]: CodexCore has been enabled!
[14:35:30 INFO]: Plugin loaded in 58 ms!
[14:35:30 INFO]: Created a new folder for config files
[14:35:30 INFO]: Registration complete
[14:35:30 INFO]:  - 0 skills
[14:35:30 INFO]:  - 0 classes
[14:35:30 INFO]:  Took 3ms
[14:35:30 INFO]: Created a new folder for config files
[14:35:30 INFO]: [BuffRegistry] Registered BuffProvider: BuffManager
[14:35:30 INFO]: Created a new folder for config files
[14:35:30 INFO]: Registration complete
[14:35:30 INFO]:  - 0 skills
[14:35:30 INFO]:  - 0 classes
[14:35:30 INFO]:  Took 3ms
[14:35:30 INFO]: [BuffRegistry] Registered BuffProvider: BuffManager
]]></system-err>
  </testcase>
  <testcase name="filter_nestedPlaceholders" classname="studio.magemonkey.fabled.dynamic.EffectComponentTest" time="0.099">
    <system-err><![CDATA[[14:35:31 INFO]: Registration complete
[14:35:31 INFO]:  - 0 skills
[14:35:31 INFO]:  - 0 classes
[14:35:31 INFO]:  Took 2ms
[14:35:31 INFO]: [BuffRegistry] Registered BuffProvider: BuffManager
]]></system-err>
  </testcase>
  <testcase name="filter_translatesCastData_doubleWithDecimal" classname="studio.magemonkey.fabled.dynamic.EffectComponentTest" time="0.113">
    <system-err><![CDATA[[14:35:31 INFO]: Registration complete
[14:35:31 INFO]:  - 0 skills
[14:35:31 INFO]:  - 0 classes
[14:35:31 INFO]:  Took 4ms
[14:35:31 INFO]: [BuffRegistry] Registered BuffProvider: BuffManager
]]></system-err>
  </testcase>
  <testcase name="filter_tripleNestedPlaceholders" classname="studio.magemonkey.fabled.dynamic.EffectComponentTest" time="0.105">
    <system-err><![CDATA[[14:35:31 INFO]: Registration complete
[14:35:31 INFO]:  - 0 skills
[14:35:31 INFO]:  - 0 classes
[14:35:31 INFO]:  Took 2ms
[14:35:31 INFO]: [BuffRegistry] Registered BuffProvider: BuffManager
]]></system-err>
  </testcase>
  <testcase name="filter_translatesPlayerName" classname="studio.magemonkey.fabled.dynamic.EffectComponentTest" time="0.112">
    <system-err><![CDATA[[14:35:31 INFO]: Registration complete
[14:35:31 INFO]:  - 0 skills
[14:35:31 INFO]:  - 0 classes
[14:35:31 INFO]:  Took 2ms
[14:35:31 INFO]: [BuffRegistry] Registered BuffProvider: BuffManager
]]></system-err>
  </testcase>
  <testcase name="filter_quadrupleNestedPlaceholders" classname="studio.magemonkey.fabled.dynamic.EffectComponentTest" time="0.116">
    <system-err><![CDATA[[14:35:31 INFO]: Registration complete
[14:35:31 INFO]:  - 0 skills
[14:35:31 INFO]:  - 0 classes
[14:35:31 INFO]:  Took 3ms
[14:35:31 INFO]: [BuffRegistry] Registered BuffProvider: BuffManager
]]></system-err>
  </testcase>
  <testcase name="filter_translatesCastData_doubleWithDecimalRoundingUp" classname="studio.magemonkey.fabled.dynamic.EffectComponentTest" time="0.106">
    <system-err><![CDATA[[14:35:31 INFO]: Registration complete
[14:35:31 INFO]:  - 0 skills
[14:35:31 INFO]:  - 0 classes
[14:35:31 INFO]:  Took 1ms
[14:35:31 INFO]: [BuffRegistry] Registered BuffProvider: BuffManager
]]></system-err>
  </testcase>
  <testcase name="filter_noPlaceholders" classname="studio.magemonkey.fabled.dynamic.EffectComponentTest" time="0.171">
    <system-err><![CDATA[[14:35:31 INFO]: Registration complete
[14:35:31 INFO]:  - 0 skills
[14:35:31 INFO]:  - 0 classes
[14:35:31 INFO]:  Took 2ms
[14:35:31 INFO]: [BuffRegistry] Registered BuffProvider: BuffManager
]]></system-err>
  </testcase>
  <testcase name="filter_translatesCastData_double" classname="studio.magemonkey.fabled.dynamic.EffectComponentTest" time="0.219">
    <system-err><![CDATA[[14:35:32 INFO]: Registration complete
[14:35:32 INFO]:  - 0 skills
[14:35:32 INFO]:  - 0 classes
[14:35:32 INFO]:  Took 3ms
[14:35:32 INFO]: [BuffRegistry] Registered BuffProvider: BuffManager
]]></system-err>
  </testcase>
  <testcase name="filter_translatesCastData_string" classname="studio.magemonkey.fabled.dynamic.EffectComponentTest" time="0.166">
    <system-err><![CDATA[[14:35:32 INFO]: Registration complete
[14:35:32 INFO]:  - 0 skills
[14:35:32 INFO]:  - 0 classes
[14:35:32 INFO]:  Took 2ms
[14:35:32 INFO]: [BuffRegistry] Registered BuffProvider: BuffManager
]]></system-err>
  </testcase>
  <testcase name="filter_translatesTargetName" classname="studio.magemonkey.fabled.dynamic.EffectComponentTest" time="0.151">
    <system-err><![CDATA[[14:35:32 INFO]: Registration complete
[14:35:32 INFO]:  - 0 skills
[14:35:32 INFO]:  - 0 classes
[14:35:32 INFO]:  Took 3ms
[14:35:32 INFO]: [BuffRegistry] Registered BuffProvider: BuffManager
]]></system-err>
  </testcase>
  <testcase name="filter_translatesTargetUUID" classname="studio.magemonkey.fabled.dynamic.EffectComponentTest" time="0.15">
    <system-err><![CDATA[[14:35:32 INFO]: Registration complete
[14:35:32 INFO]:  - 0 skills
[14:35:32 INFO]:  - 0 classes
[14:35:32 INFO]:  Took 3ms
[14:35:32 INFO]: [BuffRegistry] Registered BuffProvider: BuffManager
]]></system-err>
  </testcase>
</testsuite>